# JRE version: OpenJDK Runtime Environment (17.0.10) (build 17.0.10+0--11572160)
# Java VM: OpenJDK 64-Bit Server VM (17.0.10+0--11572160, mixed mode, tiered, compressed oops, compressed class ptrs, g1 gc, windows-amd64)
GC Precious Log:
 CPUs: 4 total, 4 available
 Memory: 8043M
 Large Page Support: Disabled
 NUMA Support: Disabled
 Compressed Oops: Enabled (32-bit)
 Heap Region Size: 1M
 Heap Min Capacity: 8M
 Heap Initial Capacity: 126M
 Heap Max Capacity: 2012M
 Pre-touch: Disabled
 Parallel Workers: 4
 Concurrent Workers: 1
 Concurrent Refinement Workers: 4
 Periodic GC: Disabled
Heap:
 garbage-first heap   total 84992K, used 48850K [0x0000000082400000, 0x0000000100000000)
  region size 1024K, 22 young (22528K), 1 survivors (1024K)
 Metaspace       used 49504K, committed 49664K, reserved 1114112K
  class space    used 6012K, committed 6080K, reserved 1048576K
GC Heap History (20 events):
Event: 2.505 GC heap before
{Heap before GC invocations=4 (full 0):
 garbage-first heap   total 40960K, used 31787K [0x0000000082400000, 0x0000000100000000)
  region size 1024K, 27 young (27648K), 5 survivors (5120K)
 Metaspace       used 28683K, committed 28928K, reserved 1114112K
  class space    used 3550K, committed 3648K, reserved 1048576K
}
Event: 2.519 GC heap after
{Heap after GC invocations=5 (full 0):
 garbage-first heap   total 40960K, used 11537K [0x0000000082400000, 0x0000000100000000)
  region size 1024K, 6 young (6144K), 6 survivors (6144K)
 Metaspace       used 28683K, committed 28928K, reserved 1114112K
  class space    used 3550K, committed 3648K, reserved 1048576K
}
Event: 2.884 GC heap before
{Heap before GC invocations=5 (full 0):
 garbage-first heap   total 40960K, used 30993K [0x0000000082400000, 0x0000000100000000)
  region size 1024K, 24 young (24576K), 6 survivors (6144K)
 Metaspace       used 29897K, committed 30080K, reserved 1114112K
  class space    used 3833K, committed 3904K, reserved 1048576K
}
Event: 2.901 GC heap after
{Heap after GC invocations=6 (full 0):
 garbage-first heap   total 43008K, used 17873K [0x0000000082400000, 0x0000000100000000)
  region size 1024K, 3 young (3072K), 3 survivors (3072K)
 Metaspace       used 29897K, committed 30080K, reserved 1114112K
  class space    used 3833K, committed 3904K, reserved 1048576K
}
Event: 3.161 GC heap before
{Heap before GC invocations=6 (full 0):
 garbage-first heap   total 43008K, used 29137K [0x0000000082400000, 0x0000000100000000)
  region size 1024K, 15 young (15360K), 3 survivors (3072K)
 Metaspace       used 33202K, committed 33408K, reserved 1114112K
  class space    used 4242K, committed 4352K, reserved 1048576K
}
Event: 3.173 GC heap after
{Heap after GC invocations=7 (full 0):
 garbage-first heap   total 43008K, used 20017K [0x0000000082400000, 0x0000000100000000)
  region size 1024K, 2 young (2048K), 2 survivors (2048K)
 Metaspace       used 33202K, committed 33408K, reserved 1114112K
  class space    used 4242K, committed 4352K, reserved 1048576K
}
Event: 3.449 GC heap before
{Heap before GC invocations=7 (full 0):
 garbage-first heap   total 43008K, used 30257K [0x0000000082400000, 0x0000000100000000)
  region size 1024K, 13 young (13312K), 2 survivors (2048K)
 Metaspace       used 35287K, committed 35520K, reserved 1114112K
  class space    used 4482K, committed 4608K, reserved 1048576K
}
Event: 3.455 GC heap after
{Heap after GC invocations=8 (full 0):
 garbage-first heap   total 55296K, used 18891K [0x0000000082400000, 0x0000000100000000)
  region size 1024K, 2 young (2048K), 2 survivors (2048K)
 Metaspace       used 35287K, committed 35520K, reserved 1114112K
  class space    used 4482K, committed 4608K, reserved 1048576K
}
Event: 3.666 GC heap before
{Heap before GC invocations=8 (full 0):
 garbage-first heap   total 55296K, used 21963K [0x0000000082400000, 0x0000000100000000)
  region size 1024K, 6 young (6144K), 2 survivors (2048K)
 Metaspace       used 35925K, committed 36160K, reserved 1114112K
  class space    used 4538K, committed 4672K, reserved 1048576K
}
Event: 3.670 GC heap after
{Heap after GC invocations=9 (full 0):
 garbage-first heap   total 55296K, used 19400K [0x0000000082400000, 0x0000000100000000)
  region size 1024K, 2 young (2048K), 2 survivors (2048K)
 Metaspace       used 35925K, committed 36160K, reserved 1114112K
  class space    used 4538K, committed 4672K, reserved 1048576K
}
Event: 4.169 GC heap before
{Heap before GC invocations=10 (full 0):
 garbage-first heap   total 55296K, used 37832K [0x0000000082400000, 0x0000000100000000)
  region size 1024K, 21 young (21504K), 2 survivors (2048K)
 Metaspace       used 39923K, committed 40128K, reserved 1114112K
  class space    used 4906K, committed 4992K, reserved 1048576K
}
Event: 4.177 GC heap after
{Heap after GC invocations=11 (full 0):
 garbage-first heap   total 55296K, used 21371K [0x0000000082400000, 0x0000000100000000)
  region size 1024K, 3 young (3072K), 3 survivors (3072K)
 Metaspace       used 39923K, committed 40128K, reserved 1114112K
  class space    used 4906K, committed 4992K, reserved 1048576K
}
Event: 4.837 GC heap before
{Heap before GC invocations=12 (full 0):
 garbage-first heap   total 55296K, used 39803K [0x0000000082400000, 0x0000000100000000)
  region size 1024K, 21 young (21504K), 3 survivors (3072K)
 Metaspace       used 44659K, committed 44864K, reserved 1114112K
  class space    used 5482K, committed 5568K, reserved 1048576K
}
Event: 4.844 GC heap after
{Heap after GC invocations=13 (full 0):
 garbage-first heap   total 55296K, used 22486K [0x0000000082400000, 0x0000000100000000)
  region size 1024K, 2 young (2048K), 2 survivors (2048K)
 Metaspace       used 44659K, committed 44864K, reserved 1114112K
  class space    used 5482K, committed 5568K, reserved 1048576K
}
Event: 4.872 GC heap before
{Heap before GC invocations=13 (full 0):
 garbage-first heap   total 55296K, used 22486K [0x0000000082400000, 0x0000000100000000)
  region size 1024K, 3 young (3072K), 2 survivors (2048K)
 Metaspace       used 44932K, committed 45184K, reserved 1114112K
  class space    used 5514K, committed 5632K, reserved 1048576K
}
Event: 4.878 GC heap after
{Heap after GC invocations=14 (full 0):
 garbage-first heap   total 55296K, used 21917K [0x0000000082400000, 0x0000000100000000)
  region size 1024K, 1 young (1024K), 1 survivors (1024K)
 Metaspace       used 44932K, committed 45184K, reserved 1114112K
  class space    used 5514K, committed 5632K, reserved 1048576K
}
Event: 5.725 GC heap before
{Heap before GC invocations=14 (full 0):
 garbage-first heap   total 55296K, used 41373K [0x0000000082400000, 0x0000000100000000)
  region size 1024K, 19 young (19456K), 1 survivors (1024K)
 Metaspace       used 46952K, committed 47168K, reserved 1114112K
  class space    used 5720K, committed 5824K, reserved 1048576K
}
Event: 5.734 GC heap after
{Heap after GC invocations=15 (full 0):
 garbage-first heap   total 55296K, used 27564K [0x0000000082400000, 0x0000000100000000)
  region size 1024K, 3 young (3072K), 3 survivors (3072K)
 Metaspace       used 46952K, committed 47168K, reserved 1114112K
  class space    used 5720K, committed 5824K, reserved 1048576K
}
Event: 5.834 GC heap before
{Heap before GC invocations=15 (full 0):
 garbage-first heap   total 55296K, used 42924K [0x0000000082400000, 0x0000000100000000)
  region size 1024K, 17 young (17408K), 3 survivors (3072K)
 Metaspace       used 47036K, committed 47232K, reserved 1114112K
  class space    used 5720K, committed 5824K, reserved 1048576K
}
Event: 5.842 GC heap after
{Heap after GC invocations=16 (full 0):
 garbage-first heap   total 84992K, used 28370K [0x0000000082400000, 0x0000000100000000)
  region size 1024K, 1 young (1024K), 1 survivors (1024K)
 Metaspace       used 47036K, committed 47232K, reserved 1114112K
  class space    used 5720K, committed 5824K, reserved 1048576K
}

